Determining if the include file pthread.h exists failed with the following output:
Change Dir: E:/gitHub/WeChat_Maye/out/build/x64-Debug/CMakeFiles/CMakeTmp

Run Build Command(s):D:/MySoftware/Microsoft Visual Studio/2022/Community/Common7/IDE/CommonExtensions/Microsoft/CMake/Ninja/ninja.exe cmTC_e6f8c && [1/2] Building CXX object CMakeFiles\cmTC_e6f8c.dir\CheckIncludeFile.cxx.obj
FAILED: CMakeFiles/cmTC_e6f8c.dir/CheckIncludeFile.cxx.obj 
"D:\MySoftware\Microsoft Visual Studio\2022\Community\VC\Tools\MSVC\14.32.31326\bin\Hostx64\x64\cl.exe"  /nologo /TP   /DWIN32 /D_WINDOWS /W3 /GR /EHsc  /MDd /Zi /Ob0 /Od /RTC1 -std:c++17 /showIncludes /FoCMakeFiles\cmTC_e6f8c.dir\CheckIncludeFile.cxx.obj /FdCMakeFiles\cmTC_e6f8c.dir\ /FS -c E:\gitHub\WeChat_Maye\out\build\x64-Debug\CMakeFiles\CMakeTmp\CheckIncludeFile.cxx
E:\gitHub\WeChat_Maye\out\build\x64-Debug\CMakeFiles\CMakeTmp\CheckIncludeFile.cxx(1): fatal error C1083: 无法打开包括文件: “pthread.h”: No such file or directory
ninja: build stopped: subcommand failed.



